<?xml version="1.0" encoding="UTF-8"?>
<!-- Generated by org.testng.reporters.JUnitXMLReporter -->
<testsuite hostname="Deepikas-MacBook-Air.local" name="Team Page Tests Chrome" tests="1" failures="1" timestamp="21 May 2018 19:10:48 GMT" time="12.494" errors="0">
  <testcase name="verifyEmployeeCountAcrossTabs" time="10.961" classname="com.branch.tests.TeamPageTests">
    <failure type="java.lang.AssertionError" message="Sum of employees in other departments is not equal to the total count of employees in the All Tab expected [true] but found [false]">
      <![CDATA[java.lang.AssertionError: Sum of employees in other departments is not equal to the total count of employees in the All Tab expected [true] but found [false]
	at com.branch.tests.TeamPageTests.verifyEmployeeCountAcrossTabs(TeamPageTests.java:31)
	at com.branch.tests.SuiteRunner.main(SuiteRunner.java:14)
... Removed 24 stack frames]]>
    </failure>
  </testcase> <!-- verifyEmployeeCountAcrossTabs -->
</testsuite> <!-- Team Page Tests Chrome -->
