<?xml version="1.0" encoding="UTF-8"?>
<!-- Generated by org.testng.reporters.JUnitXMLReporter -->
<testsuite hostname="Deepikas-MacBook-Air.local" name="Team Page Tests" tests="2" failures="2" timestamp="21 May 2018 22:07:44 GMT" time="35.103" errors="0">
  <testcase name="verifyEmployeeCountAcrossTabs" time="13.025" classname="com.branch.tests.TeamPageTests">
    <failure type="java.lang.AssertionError" message="Sum of employees in other departments is not equal to the total count of employees in the All Tab expected [true] but found [false]">
      <![CDATA[java.lang.AssertionError: Sum of employees in other departments is not equal to the total count of employees in the All Tab expected [true] but found [false]
	at com.branch.tests.TeamPageTests.verifyEmployeeCountAcrossTabs(TeamPageTests.java:31)
	at com.branch.tests.SuiteRunner.main(SuiteRunner.java:22)
... Removed 24 stack frames]]>
    </failure>
  </testcase> <!-- verifyEmployeeCountAcrossTabs -->
  <testcase name="verifyEmployeeCategorizationInDepartment" time="17.052" classname="com.branch.tests.TeamPageTests">
    <failure type="java.lang.AssertionError" message="Some employees are not listed under the department tab specified for that employee expected [true] but found [false]">
      <![CDATA[java.lang.AssertionError: Some employees are not listed under the department tab specified for that employee expected [true] but found [false]
	at com.branch.tests.TeamPageTests.verifyEmployeeCategorizationInDepartment(TeamPageTests.java:72)
	at com.branch.tests.SuiteRunner.main(SuiteRunner.java:22)
... Removed 24 stack frames]]>
    </failure>
  </testcase> <!-- verifyEmployeeCategorizationInDepartment -->
</testsuite> <!-- Team Page Tests -->
